Determining if the pthread_create exist failed with the following output:
Change Dir: /home/flg-ma/git/nav_tests/build/CMakeFiles/CMakeTmp

Run Build Command:/usr/bin/make "cmTryCompileExec1652389015/fast"
/usr/bin/make -f CMakeFiles/cmTryCompileExec1652389015.dir/build.make CMakeFiles/cmTryCompileExec1652389015.dir/build
make[1]: Entering directory `/home/flg-ma/git/nav_tests/build/CMakeFiles/CMakeTmp'
/usr/bin/cmake -E cmake_progress_report /home/flg-ma/git/nav_tests/build/CMakeFiles/CMakeTmp/CMakeFiles 1
Building C object CMakeFiles/cmTryCompileExec1652389015.dir/CheckSymbolExists.c.o
/usr/bin/cc    -o CMakeFiles/cmTryCompileExec1652389015.dir/CheckSymbolExists.c.o   -c /home/flg-ma/git/nav_tests/build/CMakeFiles/CMakeTmp/CheckSymbolExists.c
Linking C executable cmTryCompileExec1652389015
/usr/bin/cmake -E cmake_link_script CMakeFiles/cmTryCompileExec1652389015.dir/link.txt --verbose=1
/usr/bin/cc       CMakeFiles/cmTryCompileExec1652389015.dir/CheckSymbolExists.c.o  -o cmTryCompileExec1652389015 -rdynamic 
CMakeFiles/cmTryCompileExec1652389015.dir/CheckSymbolExists.c.o: In function `main':
CheckSymbolExists.c:(.text+0x16): undefined reference to `pthread_create'
collect2: error: ld returned 1 exit status
make[1]: *** [cmTryCompileExec1652389015] Error 1
make[1]: Leaving directory `/home/flg-ma/git/nav_tests/build/CMakeFiles/CMakeTmp'
make: *** [cmTryCompileExec1652389015/fast] Error 2

File /home/flg-ma/git/nav_tests/build/CMakeFiles/CMakeTmp/CheckSymbolExists.c:
/* */
#include <pthread.h>

int main(int argc, char** argv)
{
  (void)argv;
#ifndef pthread_create
  return ((int*)(&pthread_create))[argc];
#else
  (void)argc;
  return 0;
#endif
}

Determining if the function pthread_create exists in the pthreads failed with the following output:
Change Dir: /home/flg-ma/git/nav_tests/build/CMakeFiles/CMakeTmp

Run Build Command:/usr/bin/make "cmTryCompileExec242029466/fast"
/usr/bin/make -f CMakeFiles/cmTryCompileExec242029466.dir/build.make CMakeFiles/cmTryCompileExec242029466.dir/build
make[1]: Entering directory `/home/flg-ma/git/nav_tests/build/CMakeFiles/CMakeTmp'
/usr/bin/cmake -E cmake_progress_report /home/flg-ma/git/nav_tests/build/CMakeFiles/CMakeTmp/CMakeFiles 1
Building C object CMakeFiles/cmTryCompileExec242029466.dir/CheckFunctionExists.c.o
/usr/bin/cc   -DCHECK_FUNCTION_EXISTS=pthread_create   -o CMakeFiles/cmTryCompileExec242029466.dir/CheckFunctionExists.c.o   -c /usr/share/cmake-2.8/Modules/CheckFunctionExists.c
Linking C executable cmTryCompileExec242029466
/usr/bin/cmake -E cmake_link_script CMakeFiles/cmTryCompileExec242029466.dir/link.txt --verbose=1
/usr/bin/cc   -DCHECK_FUNCTION_EXISTS=pthread_create    CMakeFiles/cmTryCompileExec242029466.dir/CheckFunctionExists.c.o  -o cmTryCompileExec242029466 -rdynamic -lpthreads 
/usr/bin/ld: cannot find -lpthreads
collect2: error: ld returned 1 exit status
make[1]: Leaving directory `/home/flg-ma/git/nav_tests/build/CMakeFiles/CMakeTmp'
make[1]: *** [cmTryCompileExec242029466] Error 1
make: *** [cmTryCompileExec242029466/fast] Error 2


